

> web@0.1.0 build /Users/alexandergilbert/Desktop/degenerator/apps/web
> next build

  [1m[38;2;173;127;168m▲ Next.js 14.2.6[39m[22m
  - Environments: .env
  - Experiments (use with caution):
    · instrumentationHook

 [37m[1m [22m[39m Creating an optimized production build ...
 [32m[1m✓[22m[39m Compiled successfully
[?25l [37m[1m [22m[39m Linting and checking validity of types  [36m.[39m[2K[1G [37m[1m [22m[39m Linting and checking validity of types  [36m..[39m[2K[1G [37m[1m [22m[39m Linting and checking validity of types  [36m...[39m[2K[1G [37m[1m [22m[39m Linting and checking validity of types  [36m.[39m[2K[1G [37m[1m [22m[39m Linting and checking validity of types  [36m..[39m[2K[1G [37m[1m [22m[39m Linting and checking validity of types  [36m...[39m[2K[1G [37m[1m [22m[39m Linting and checking validity of types  [36m.[39m[2K[1G [37m[1m [22m[39m Linting and checking validity of types  [36m..[39m[2K[1G [37m[1m [22m[39m Linting and checking validity of types  [36m...[39m[2K[1G [37m[1m [22m[39m Linting and checking validity of types  [36m.[39m[31mFailed to compile.
[39m
[36m./app/actions/mint_token.ts[39m:[33m64[39m:[33m5[39m
[31m[1mType error[22m[39m: Object literal may only specify known properties, and 'receiver' does not exist in type 'GetMintInstructionsParams'.

[0m [90m 62 |[39m 				decimals[33m,[39m[0m
[0m [90m 63 |[39m 				supply[33m,[39m[0m
[0m[31m[1m>[22m[39m[90m 64 |[39m 				receiver[33m:[39m receiver[33m.[39mpublicKey[33m,[39m[0m
[0m [90m    |[39m 				[31m[1m^[22m[39m[0m
[0m [90m 65 |[39m 			}))[33m,[39m[0m
[0m [90m 66 |[39m 		][33m,[39m[0m
[0m [90m 67 |[39m 		signers[33m:[39m [mint][33m,[39m[0m
[?25h[41m[30m ELIFECYCLE [39m[49m [31mCommand failed with exit code 1.[39m
